
dez 10, 2016 12:04:15.79 NEW SESSION
dez 10, 2016 12:04:15.79 Foi criada uma nova janela em uma sessão existente do navegador.
dez 10, 2016 12:05:41.50 Foi criada uma nova janela em uma sessão existente do navegador.
dez 10, 2016 12:06:06.96 Foi criada uma nova janela em uma sessão existente do navegador.
dez 10, 2016 12:17:05.38 Foi criada uma nova janela em uma sessão existente do navegador.
dez 10, 2016 12:17:30.55 Foi criada uma nova janela em uma sessão existente do navegador.
dez 10, 2016 13:35:10.25 Error: No running window found
dez 10, 2016 13:35:59.50 Foi criada uma nova janela em uma sessão existente do navegador.
dez 10, 2016 13:36:50.36 Foi criada uma nova janela em uma sessão existente do navegador.
dez 10, 2016 13:39:08.37 Foi criada uma nova janela em uma sessão existente do navegador.
dez 10, 2016 13:41:46.61 Foi criada uma nova janela em uma sessão existente do navegador.
dez 10, 2016 13:41:59.81 Foi criada uma nova janela em uma sessão existente do navegador.

dez 10, 2016 13:45:41.77 NEW SESSION
dez 10, 2016 13:45:41.77 getrlimit(RLIMIT_NOFILE) failed
dez 10, 2016 13:45:41.81 getrlimit(RLIMIT_NOFILE) failed
dez 10, 2016 13:45:41.81 getrlimit(RLIMIT_NOFILE) failed
dez 10, 2016 13:45:41.82 getrlimit(RLIMIT_NOFILE) failed
dez 10, 2016 13:45:42.22 Fontconfig error: Cannot load default config file
dez 10, 2016 13:45:42.22 Fontconfig error: Cannot load default config file
dez 10, 2016 13:45:42.22 Fontconfig error: Cannot load default config file

dez 10, 2016 13:49:32.83 NEW SESSION
dez 10, 2016 13:49:32.83 Foi criada uma nova janela em uma sessão existente do navegador.
dez 10, 2016 13:50:21.35 Foi criada uma nova janela em uma sessão existente do navegador.
dez 10, 2016 14:15:38.71 Foi criada uma nova janela em uma sessão existente do navegador.
dez 10, 2016 14:16:05.90 Foi criada uma nova janela em uma sessão existente do navegador.
dez 10, 2016 14:18:07.44 Foi criada uma nova janela em uma sessão existente do navegador.
dez 10, 2016 14:20:00.87 Foi criada uma nova janela em uma sessão existente do navegador.
dez 10, 2016 14:21:18.13 Foi criada uma nova janela em uma sessão existente do navegador.
dez 10, 2016 14:21:47.72 Foi criada uma nova janela em uma sessão existente do navegador.
dez 10, 2016 14:27:17.71 Foi criada uma nova janela em uma sessão existente do navegador.
dez 10, 2016 14:28:08.04 Foi criada uma nova janela em uma sessão existente do navegador.

dez 10, 2016 14:35:48.24 NEW SESSION
dez 10, 2016 14:35:48.24 Foi criada uma nova janela em uma sessão existente do navegador.
dez 10, 2016 14:44:42.60 Foi criada uma nova janela em uma sessão existente do navegador.
dez 10, 2016 14:55:10.21 Foi criada uma nova janela em uma sessão existente do navegador.
dez 10, 2016 14:58:25.27 Foi criada uma nova janela em uma sessão existente do navegador.
dez 10, 2016 15:08:30.72 Foi criada uma nova janela em uma sessão existente do navegador.
dez 10, 2016 15:16:20.07 Foi criada uma nova janela em uma sessão existente do navegador.

dez 10, 2016 15:19:26.12 NEW SESSION
dez 10, 2016 15:19:26.12 Foi criada uma nova janela em uma sessão existente do navegador.
dez 10, 2016 15:20:43.49 Foi criada uma nova janela em uma sessão existente do navegador.
dez 10, 2016 15:22:49.88 Foi criada uma nova janela em uma sessão existente do navegador.
dez 10, 2016 15:28:55.98 Foi criada uma nova janela em uma sessão existente do navegador.
dez 10, 2016 15:31:56.43 Foi criada uma nova janela em uma sessão existente do navegador.
dez 10, 2016 15:36:01.45 Foi criada uma nova janela em uma sessão existente do navegador.
dez 10, 2016 15:36:44.97 Foi criada uma nova janela em uma sessão existente do navegador.
dez 10, 2016 15:37:40.92 Foi criada uma nova janela em uma sessão existente do navegador.
dez 10, 2016 15:40:29.02 Foi criada uma nova janela em uma sessão existente do navegador.

dez 10, 2016 15:42:40.02 NEW SESSION
dez 10, 2016 15:42:40.02 Foi criada uma nova janela em uma sessão existente do navegador.
dez 10, 2016 15:44:26.55 Foi criada uma nova janela em uma sessão existente do navegador.
dez 10, 2016 15:47:59.29 Foi criada uma nova janela em uma sessão existente do navegador.
dez 10, 2016 15:50:33.14 Foi criada uma nova janela em uma sessão existente do navegador.
dez 10, 2016 15:59:45.17 Foi criada uma nova janela em uma sessão existente do navegador.
dez 10, 2016 16:01:07.33 Foi criada uma nova janela em uma sessão existente do navegador.

dez 10, 2016 16:05:56.18 NEW SESSION
dez 10, 2016 16:05:56.18 Foi criada uma nova janela em uma sessão existente do navegador.
dez 10, 2016 16:15:40.91 Foi criada uma nova janela em uma sessão existente do navegador.
